\BOOKMARK [0][-]{chapter.1}{W\374rfelspiele}{}% 1
\BOOKMARK [1][-]{section.1.1}{Einordnung und geschichtlicher Hintergrund}{chapter.1}% 2
\BOOKMARK [1][-]{section.1.2}{Wichtige Konzepte}{chapter.1}% 3
\BOOKMARK [2][-]{subsection.1.2.1}{Spieler}{section.1.2}% 4
\BOOKMARK [2][-]{subsection.1.2.2}{W\374rfel}{section.1.2}% 5
\BOOKMARK [2][-]{subsection.1.2.3}{Spielverlauf}{section.1.2}% 6
\BOOKMARK [1][-]{section.1.3}{Sprachziele}{chapter.1}% 7
\BOOKMARK [0][-]{chapter.2}{Die Sprache}{}% 8
\BOOKMARK [1][-]{section.2.1}{Grundidee}{chapter.2}% 9
\BOOKMARK [2][-]{subsection.2.1.1}{Ein erstes Beispiel}{section.2.1}% 10
\BOOKMARK [1][-]{section.2.2}{Kontrollierte Sprache}{chapter.2}% 11
\BOOKMARK [1][-]{section.2.3}{Satzzeichen}{chapter.2}% 12
\BOOKMARK [2][-]{subsection.2.3.1}{Punkt \(.\)}{section.2.3}% 13
\BOOKMARK [2][-]{subsection.2.3.2}{Doppelpunkt \(:\)}{section.2.3}% 14
\BOOKMARK [2][-]{subsection.2.3.3}{Komma \(,\)}{section.2.3}% 15
\BOOKMARK [2][-]{subsection.2.3.4}{Semikolon \(;\)}{section.2.3}% 16
\BOOKMARK [2][-]{subsection.2.3.5}{Variablen}{section.2.3}% 17
\BOOKMARK [1][-]{section.2.4}{Bl\366cke und Abs\344tze}{chapter.2}% 18
\BOOKMARK [1][-]{section.2.5}{Gro\337- und Kleinschreibung}{chapter.2}% 19
\BOOKMARK [0][-]{chapter.3}{Designentscheidungen}{}% 20
\BOOKMARK [0][-]{chapter.4}{Diskussion}{}% 21
\BOOKMARK [0][-]{chapter.5}{Erfahrungen}{}% 22
